
============= MEMWATCH 2.71 Copyright (C) 1992-1999 Johan Lindh =============

Started at Thu Nov  5 15:38:39 2015

Modes: __STDC__ 64-bit mwDWORD==(unsigned long)
mwROUNDALLOC==8 sizeof(mwData)==32 mwDataSize==32


Stopped at Thu Nov  5 15:38:39 2015


Memory usage statistics (global):
 N)umber of allocations made: 1
 L)argest memory usage      : 8
 T)otal of all alloc() calls: 8
 U)nfreed bytes totals      : 0

============= MEMWATCH 2.71 Copyright (C) 1992-1999 Johan Lindh =============

Started at Thu Nov  5 15:43:22 2015

Modes: __STDC__ 64-bit mwDWORD==(unsigned long)
mwROUNDALLOC==8 sizeof(mwData)==32 mwDataSize==32


Stopped at Thu Nov  5 15:43:22 2015


Memory usage statistics (global):
 N)umber of allocations made: 1
 L)argest memory usage      : 8
 T)otal of all alloc() calls: 8
 U)nfreed bytes totals      : 0

============= MEMWATCH 2.71 Copyright (C) 1992-1999 Johan Lindh =============

Started at Thu Nov  5 15:44:02 2015

Modes: __STDC__ 64-bit mwDWORD==(unsigned long)
mwROUNDALLOC==8 sizeof(mwData)==32 mwDataSize==32


Stopped at Thu Nov  5 15:44:02 2015


Memory usage statistics (global):
 N)umber of allocations made: 1
 L)argest memory usage      : 7
 T)otal of all alloc() calls: 7
 U)nfreed bytes totals      : 0

============= MEMWATCH 2.71 Copyright (C) 1992-1999 Johan Lindh =============

Started at Thu Nov  5 15:46:05 2015

Modes: __STDC__ 64-bit mwDWORD==(unsigned long)
mwROUNDALLOC==8 sizeof(mwData)==32 mwDataSize==32


Stopped at Thu Nov  5 15:46:05 2015


Memory usage statistics (global):
 N)umber of allocations made: 1
 L)argest memory usage      : 3
 T)otal of all alloc() calls: 3
 U)nfreed bytes totals      : 0

============= MEMWATCH 2.71 Copyright (C) 1992-1999 Johan Lindh =============

Started at Thu Nov  5 15:50:41 2015

Modes: __STDC__ 64-bit mwDWORD==(unsigned long)
mwROUNDALLOC==8 sizeof(mwData)==32 mwDataSize==32


Stopped at Thu Nov  5 15:50:41 2015


Memory usage statistics (global):
 N)umber of allocations made: 1
 L)argest memory usage      : 7
 T)otal of all alloc() calls: 7
 U)nfreed bytes totals      : 0

============= MEMWATCH 2.71 Copyright (C) 1992-1999 Johan Lindh =============

Started at Thu Nov  5 15:51:40 2015

Modes: __STDC__ 64-bit mwDWORD==(unsigned long)
mwROUNDALLOC==8 sizeof(mwData)==32 mwDataSize==32


Stopped at Thu Nov  5 15:51:40 2015


Memory usage statistics (global):
 N)umber of allocations made: 1
 L)argest memory usage      : 7
 T)otal of all alloc() calls: 7
 U)nfreed bytes totals      : 0
